# JRE version: Java(TM) SE Runtime Environment (8.0_121-b13) (build 1.8.0_121-b13)
# Java VM: Java HotSpot(TM) 64-Bit Server VM (25.121-b13 mixed mode linux-amd64 compressed oops)
Heap:
 PSYoungGen      total 67072K, used 5618K [0x00000000ec000000, 0x00000000f0700000, 0x0000000100000000)
  eden space 61440K, 0% used [0x00000000ec000000,0x00000000ec000000,0x00000000efc00000)
  from space 5632K, 99% used [0x00000000efc00000,0x00000000f017ca08,0x00000000f0180000)
  to   space 5632K, 0% used [0x00000000f0180000,0x00000000f0180000,0x00000000f0700000)
 ParOldGen       total 40960K, used 10301K [0x00000000c4000000, 0x00000000c6800000, 0x00000000ec000000)
  object space 40960K, 25% used [0x00000000c4000000,0x00000000c4a0f630,0x00000000c6800000)
 Metaspace       used 15277K, capacity 15696K, committed 15744K, reserved 1062912K
  class space    used 1787K, capacity 1916K, committed 1920K, reserved 1048576K
GC Heap History (10 events):
Event: 7,982 GC heap after
Heap after GC invocations=4 (full 0):
 PSYoungGen      total 17920K, used 2560K [0x00000000ec000000, 0x00000000ed400000, 0x0000000100000000)
  eden space 15360K, 0% used [0x00000000ec000000,0x00000000ec000000,0x00000000ecf00000)
  from space 2560K, 100% used [0x00000000ed180000,0x00000000ed400000,0x00000000ed400000)
  to   space 2560K, 0% used [0x00000000ecf00000,0x00000000ecf00000,0x00000000ed180000)
 ParOldGen       total 40960K, used 4704K [0x00000000c4000000, 0x00000000c6800000, 0x00000000ec000000)
  object space 40960K, 11% used [0x00000000c4000000,0x00000000c4498390,0x00000000c6800000)
 Metaspace       used 12970K, capacity 13284K, committed 13568K, reserved 1060864K
  class space    used 1600K, capacity 1719K, committed 1792K, reserved 1048576K
}
Event: 8,352 GC heap before
{Heap before GC invocations=5 (full 0):
 PSYoungGen      total 17920K, used 17920K [0x00000000ec000000, 0x00000000ed400000, 0x0000000100000000)
  eden space 15360K, 100% used [0x00000000ec000000,0x00000000ecf00000,0x00000000ecf00000)
  from space 2560K, 100% used [0x00000000ed180000,0x00000000ed400000,0x00000000ed400000)
  to   space 2560K, 0% used [0x00000000ecf00000,0x00000000ecf00000,0x00000000ed180000)
 ParOldGen       total 40960K, used 4704K [0x00000000c4000000, 0x00000000c6800000, 0x00000000ec000000)
  object space 40960K, 11% used [0x00000000c4000000,0x00000000c4498390,0x00000000c6800000)
 Metaspace       used 13296K, capacity 13560K, committed 13824K, reserved 1060864K
  class space    used 1627K, capacity 1724K, committed 1792K, reserved 1048576K
Event: 8,371 GC heap after
Heap after GC invocations=5 (full 0):
 PSYoungGen      total 17920K, used 2560K [0x00000000ec000000, 0x00000000ee900000, 0x0000000100000000)
  eden space 15360K, 0% used [0x00000000ec000000,0x00000000ec000000,0x00000000ecf00000)
  from space 2560K, 100% used [0x00000000ecf00000,0x00000000ed180000,0x00000000ed180000)
  to   space 5632K, 0% used [0x00000000ee380000,0x00000000ee380000,0x00000000ee900000)
 ParOldGen       total 40960K, used 6601K [0x00000000c4000000, 0x00000000c6800000, 0x00000000ec000000)
  object space 40960K, 16% used [0x00000000c4000000,0x00000000c4672560,0x00000000c6800000)
 Metaspace       used 13296K, capacity 13560K, committed 13824K, reserved 1060864K
  class space    used 1627K, capacity 1724K, committed 1792K, reserved 1048576K
}
Event: 8,755 GC heap before
{Heap before GC invocations=6 (full 0):
 PSYoungGen      total 17920K, used 17920K [0x00000000ec000000, 0x00000000ee900000, 0x0000000100000000)
  eden space 15360K, 100% used [0x00000000ec000000,0x00000000ecf00000,0x00000000ecf00000)
  from space 2560K, 100% used [0x00000000ecf00000,0x00000000ed180000,0x00000000ed180000)
  to   space 5632K, 0% used [0x00000000ee380000,0x00000000ee380000,0x00000000ee900000)
 ParOldGen       total 40960K, used 6601K [0x00000000c4000000, 0x00000000c6800000, 0x00000000ec000000)
  object space 40960K, 16% used [0x00000000c4000000,0x00000000c4672560,0x00000000c6800000)
 Metaspace       used 13428K, capacity 13756K, committed 13824K, reserved 1060864K
  class space    used 1633K, capacity 1762K, committed 1792K, reserved 1048576K
Event: 8,765 GC heap after
Heap after GC invocations=6 (full 0):
 PSYoungGen      total 36352K, used 3824K [0x00000000ec000000, 0x00000000ee900000, 0x0000000100000000)
  eden space 30720K, 0% used [0x00000000ec000000,0x00000000ec000000,0x00000000ede00000)
  from space 5632K, 67% used [0x00000000ee380000,0x00000000ee73c010,0x00000000ee900000)
  to   space 5632K, 0% used [0x00000000ede00000,0x00000000ede00000,0x00000000ee380000)
 ParOldGen       total 40960K, used 6601K [0x00000000c4000000, 0x00000000c6800000, 0x00000000ec000000)
  object space 40960K, 16% used [0x00000000c4000000,0x00000000c4672560,0x00000000c6800000)
 Metaspace       used 13428K, capacity 13756K, committed 13824K, reserved 1060864K
  class space    used 1633K, capacity 1762K, committed 1792K, reserved 1048576K
}
Event: 9,400 GC heap before
{Heap before GC invocations=7 (full 0):
 PSYoungGen      total 36352K, used 34544K [0x00000000ec000000, 0x00000000ee900000, 0x0000000100000000)
  eden space 30720K, 100% used [0x00000000ec000000,0x00000000ede00000,0x00000000ede00000)
  from space 5632K, 67% used [0x00000000ee380000,0x00000000ee73c010,0x00000000ee900000)
  to   space 5632K, 0% used [0x00000000ede00000,0x00000000ede00000,0x00000000ee380000)
 ParOldGen       total 40960K, used 6601K [0x00000000c4000000, 0x00000000c6800000, 0x00000000ec000000)
  object space 40960K, 16% used [0x00000000c4000000,0x00000000c4672560,0x00000000c6800000)
 Metaspace       used 14046K, capacity 14388K, committed 14720K, reserved 1062912K
  class space    used 1699K, capacity 1802K, committed 1920K, reserved 1048576K
Event: 9,412 GC heap after
Heap after GC invocations=7 (full 0):
 PSYoungGen      total 36352K, used 4832K [0x00000000ec000000, 0x00000000f0700000, 0x0000000100000000)
  eden space 30720K, 0% used [0x00000000ec000000,0x00000000ec000000,0x00000000ede00000)
  from space 5632K, 85% used [0x00000000ede00000,0x00000000ee2b8020,0x00000000ee380000)
  to   space 5632K, 0% used [0x00000000f0180000,0x00000000f0180000,0x00000000f0700000)
 ParOldGen       total 40960K, used 7153K [0x00000000c4000000, 0x00000000c6800000, 0x00000000ec000000)
  object space 40960K, 17% used [0x00000000c4000000,0x00000000c46fc580,0x00000000c6800000)
 Metaspace       used 14046K, capacity 14388K, committed 14720K, reserved 1062912K
  class space    used 1699K, capacity 1802K, committed 1920K, reserved 1048576K
}
Event: 17,778 GC heap before
{Heap before GC invocations=8 (full 0):
 PSYoungGen      total 36352K, used 35552K [0x00000000ec000000, 0x00000000f0700000, 0x0000000100000000)
  eden space 30720K, 100% used [0x00000000ec000000,0x00000000ede00000,0x00000000ede00000)
  from space 5632K, 85% used [0x00000000ede00000,0x00000000ee2b8020,0x00000000ee380000)
  to   space 5632K, 0% used [0x00000000f0180000,0x00000000f0180000,0x00000000f0700000)
 ParOldGen       total 40960K, used 7153K [0x00000000c4000000, 0x00000000c6800000, 0x00000000ec000000)
  object space 40960K, 17% used [0x00000000c4000000,0x00000000c46fc580,0x00000000c6800000)
 Metaspace       used 14247K, capacity 14644K, committed 14976K, reserved 1062912K
  class space    used 1703K, capacity 1802K, committed 1920K, reserved 1048576K
Event: 17,787 GC heap after
Heap after GC invocations=8 (full 0):
 PSYoungGen      total 67072K, used 4480K [0x00000000ec000000, 0x00000000f0700000, 0x0000000100000000)
  eden space 61440K, 0% used [0x00000000ec000000,0x00000000ec000000,0x00000000efc00000)
  from space 5632K, 79% used [0x00000000f0180000,0x00000000f05e0020,0x00000000f0700000)
  to   space 5632K, 0% used [0x00000000efc00000,0x00000000efc00000,0x00000000f0180000)
 ParOldGen       total 40960K, used 8231K [0x00000000c4000000, 0x00000000c6800000, 0x00000000ec000000)
  object space 40960K, 20% used [0x00000000c4000000,0x00000000c4809dc0,0x00000000c6800000)
 Metaspace       used 14247K, capacity 14644K, committed 14976K, reserved 1062912K
  class space    used 1703K, capacity 1802K, committed 1920K, reserved 1048576K
}
Event: 37,832 GC heap before
{Heap before GC invocations=9 (full 0):
 PSYoungGen      total 67072K, used 65920K [0x00000000ec000000, 0x00000000f0700000, 0x0000000100000000)
  eden space 61440K, 100% used [0x00000000ec000000,0x00000000efc00000,0x00000000efc00000)
  from space 5632K, 79% used [0x00000000f0180000,0x00000000f05e0020,0x00000000f0700000)
  to   space 5632K, 0% used [0x00000000efc00000,0x00000000efc00000,0x00000000f0180000)
 ParOldGen       total 40960K, used 8231K [0x00000000c4000000, 0x00000000c6800000, 0x00000000ec000000)
  object space 40960K, 20% used [0x00000000c4000000,0x00000000c4809dc0,0x00000000c6800000)
 Metaspace       used 15277K, capacity 15696K, committed 15744K, reserved 1062912K
  class space    used 1787K, capacity 1916K, committed 1920K, reserved 1048576K

