# JRE version: Java(TM) SE Runtime Environment (8.0_121-b13) (build 1.8.0_121-b13)
# Java VM: Java HotSpot(TM) 64-Bit Server VM (25.121-b13 mixed mode linux-amd64 compressed oops)
Heap:
 PSYoungGen      total 143872K, used 128K [0x00000000ec000000, 0x00000000f5c00000, 0x0000000100000000)
  eden space 128000K, 0% used [0x00000000ec000000,0x00000000ec000000,0x00000000f3d00000)
  from space 15872K, 0% used [0x00000000f3d00000,0x00000000f3d20000,0x00000000f4c80000)
  to   space 13824K, 0% used [0x00000000f4e80000,0x00000000f4e80000,0x00000000f5c00000)
 ParOldGen       total 72192K, used 30249K [0x00000000c4000000, 0x00000000c8680000, 0x00000000ec000000)
  object space 72192K, 41% used [0x00000000c4000000,0x00000000c5d8a410,0x00000000c8680000)
 Metaspace       used 34498K, capacity 35124K, committed 35496K, reserved 1081344K
  class space    used 3983K, capacity 4249K, committed 4352K, reserved 1048576K
GC Heap History (10 events):
Event: 13,956 GC heap after
Heap after GC invocations=10 (full 0):
 PSYoungGen      total 101376K, used 7145K [0x00000000ec000000, 0x00000000f3600000, 0x0000000100000000)
  eden space 94208K, 0% used [0x00000000ec000000,0x00000000ec000000,0x00000000f1c00000)
  from space 7168K, 99% used [0x00000000f2700000,0x00000000f2dfa7e0,0x00000000f2e00000)
  to   space 11264K, 0% used [0x00000000f1c00000,0x00000000f1c00000,0x00000000f2700000)
 ParOldGen       total 40960K, used 20169K [0x00000000c4000000, 0x00000000c6800000, 0x00000000ec000000)
  object space 40960K, 49% used [0x00000000c4000000,0x00000000c53b24d8,0x00000000c6800000)
 Metaspace       used 20708K, capacity 21148K, committed 21296K, reserved 1069056K
  class space    used 2444K, capacity 2628K, committed 2688K, reserved 1048576K
}
Event: 13,956 GC heap before
{Heap before GC invocations=11 (full 1):
 PSYoungGen      total 101376K, used 7145K [0x00000000ec000000, 0x00000000f3600000, 0x0000000100000000)
  eden space 94208K, 0% used [0x00000000ec000000,0x00000000ec000000,0x00000000f1c00000)
  from space 7168K, 99% used [0x00000000f2700000,0x00000000f2dfa7e0,0x00000000f2e00000)
  to   space 11264K, 0% used [0x00000000f1c00000,0x00000000f1c00000,0x00000000f2700000)
 ParOldGen       total 40960K, used 20169K [0x00000000c4000000, 0x00000000c6800000, 0x00000000ec000000)
  object space 40960K, 49% used [0x00000000c4000000,0x00000000c53b24d8,0x00000000c6800000)
 Metaspace       used 20708K, capacity 21148K, committed 21296K, reserved 1069056K
  class space    used 2444K, capacity 2628K, committed 2688K, reserved 1048576K
Event: 14,042 GC heap after
Heap after GC invocations=11 (full 1):
 PSYoungGen      total 101376K, used 0K [0x00000000ec000000, 0x00000000f3600000, 0x0000000100000000)
  eden space 94208K, 0% used [0x00000000ec000000,0x00000000ec000000,0x00000000f1c00000)
  from space 7168K, 0% used [0x00000000f2700000,0x00000000f2700000,0x00000000f2e00000)
  to   space 11264K, 0% used [0x00000000f1c00000,0x00000000f1c00000,0x00000000f2700000)
 ParOldGen       total 49152K, used 22176K [0x00000000c4000000, 0x00000000c7000000, 0x00000000ec000000)
  object space 49152K, 45% used [0x00000000c4000000,0x00000000c55a80f0,0x00000000c7000000)
 Metaspace       used 20708K, capacity 21148K, committed 21296K, reserved 1069056K
  class space    used 2444K, capacity 2628K, committed 2688K, reserved 1048576K
}
Event: 17,845 GC heap before
{Heap before GC invocations=12 (full 1):
 PSYoungGen      total 101376K, used 94208K [0x00000000ec000000, 0x00000000f3600000, 0x0000000100000000)
  eden space 94208K, 100% used [0x00000000ec000000,0x00000000f1c00000,0x00000000f1c00000)
  from space 7168K, 0% used [0x00000000f2700000,0x00000000f2700000,0x00000000f2e00000)
  to   space 11264K, 0% used [0x00000000f1c00000,0x00000000f1c00000,0x00000000f2700000)
 ParOldGen       total 49152K, used 22176K [0x00000000c4000000, 0x00000000c7000000, 0x00000000ec000000)
  object space 49152K, 45% used [0x00000000c4000000,0x00000000c55a80f0,0x00000000c7000000)
 Metaspace       used 31580K, capacity 32088K, committed 32256K, reserved 1077248K
  class space    used 3629K, capacity 3822K, committed 3840K, reserved 1048576K
Event: 17,870 GC heap after
Heap after GC invocations=12 (full 1):
 PSYoungGen      total 105472K, used 11258K [0x00000000ec000000, 0x00000000f5e00000, 0x0000000100000000)
  eden space 94208K, 0% used [0x00000000ec000000,0x00000000ec000000,0x00000000f1c00000)
  from space 11264K, 99% used [0x00000000f1c00000,0x00000000f26fe8e0,0x00000000f2700000)
  to   space 15872K, 0% used [0x00000000f4e80000,0x00000000f4e80000,0x00000000f5e00000)
 ParOldGen       total 49152K, used 30996K [0x00000000c4000000, 0x00000000c7000000, 0x00000000ec000000)
  object space 49152K, 63% used [0x00000000c4000000,0x00000000c5e45070,0x00000000c7000000)
 Metaspace       used 31580K, capacity 32088K, committed 32256K, reserved 1077248K
  class space    used 3629K, capacity 3822K, committed 3840K, reserved 1048576K
}
Event: 52,527 GC heap before
{Heap before GC invocations=13 (full 1):
 PSYoungGen      total 105472K, used 58810K [0x00000000ec000000, 0x00000000f5e00000, 0x0000000100000000)
  eden space 94208K, 50% used [0x00000000ec000000,0x00000000eee6ff38,0x00000000f1c00000)
  from space 11264K, 99% used [0x00000000f1c00000,0x00000000f26fe8e0,0x00000000f2700000)
  to   space 15872K, 0% used [0x00000000f4e80000,0x00000000f4e80000,0x00000000f5e00000)
 ParOldGen       total 49152K, used 30996K [0x00000000c4000000, 0x00000000c7000000, 0x00000000ec000000)
  object space 49152K, 63% used [0x00000000c4000000,0x00000000c5e45070,0x00000000c7000000)
 Metaspace       used 34671K, capacity 35286K, committed 35496K, reserved 1081344K
  class space    used 3999K, capacity 4284K, committed 4352K, reserved 1048576K
Event: 52,987 GC heap after
Heap after GC invocations=13 (full 1):
 PSYoungGen      total 141824K, used 3328K [0x00000000ec000000, 0x00000000f5c00000, 0x0000000100000000)
  eden space 128000K, 0% used [0x00000000ec000000,0x00000000ec000000,0x00000000f3d00000)
  from space 13824K, 24% used [0x00000000f4e80000,0x00000000f51c03f8,0x00000000f5c00000)
  to   space 15872K, 0% used [0x00000000f3d00000,0x00000000f3d00000,0x00000000f4c80000)
 ParOldGen       total 49152K, used 39554K [0x00000000c4000000, 0x00000000c7000000, 0x00000000ec000000)
  object space 49152K, 80% used [0x00000000c4000000,0x00000000c66a0a48,0x00000000c7000000)
 Metaspace       used 34671K, capacity 35286K, committed 35496K, reserved 1081344K
  class space    used 3999K, capacity 4284K, committed 4352K, reserved 1048576K
}
Event: 53,034 GC heap before
{Heap before GC invocations=14 (full 2):
 PSYoungGen      total 141824K, used 3328K [0x00000000ec000000, 0x00000000f5c00000, 0x0000000100000000)
  eden space 128000K, 0% used [0x00000000ec000000,0x00000000ec000000,0x00000000f3d00000)
  from space 13824K, 24% used [0x00000000f4e80000,0x00000000f51c03f8,0x00000000f5c00000)
  to   space 15872K, 0% used [0x00000000f3d00000,0x00000000f3d00000,0x00000000f4c80000)
 ParOldGen       total 49152K, used 39554K [0x00000000c4000000, 0x00000000c7000000, 0x00000000ec000000)
  object space 49152K, 80% used [0x00000000c4000000,0x00000000c66a0a48,0x00000000c7000000)
 Metaspace       used 34671K, capacity 35286K, committed 35496K, reserved 1081344K
  class space    used 3999K, capacity 4284K, committed 4352K, reserved 1048576K
Event: 53,494 GC heap after
Heap after GC invocations=14 (full 2):
 PSYoungGen      total 141824K, used 0K [0x00000000ec000000, 0x00000000f5c00000, 0x0000000100000000)
  eden space 128000K, 0% used [0x00000000ec000000,0x00000000ec000000,0x00000000f3d00000)
  from space 13824K, 0% used [0x00000000f4e80000,0x00000000f4e80000,0x00000000f5c00000)
  to   space 15872K, 0% used [0x00000000f3d00000,0x00000000f3d00000,0x00000000f4c80000)
 ParOldGen       total 72192K, used 30249K [0x00000000c4000000, 0x00000000c8680000, 0x00000000ec000000)
  object space 72192K, 41% used [0x00000000c4000000,0x00000000c5d8a410,0x00000000c8680000)
 Metaspace       used 34460K, capacity 35054K, committed 35496K, reserved 1081344K
  class space    used 3980K, capacity 4248K, committed 4352K, reserved 1048576K
}
Event: 64,119 GC heap before
{Heap before GC invocations=15 (full 2):
 PSYoungGen      total 141824K, used 3649K [0x00000000ec000000, 0x00000000f5c00000, 0x0000000100000000)
  eden space 128000K, 2% used [0x00000000ec000000,0x00000000ec3905b0,0x00000000f3d00000)
  from space 13824K, 0% used [0x00000000f4e80000,0x00000000f4e80000,0x00000000f5c00000)
  to   space 15872K, 0% used [0x00000000f3d00000,0x00000000f3d00000,0x00000000f4c80000)
 ParOldGen       total 72192K, used 30249K [0x00000000c4000000, 0x00000000c8680000, 0x00000000ec000000)
  object space 72192K, 41% used [0x00000000c4000000,0x00000000c5d8a410,0x00000000c8680000)
 Metaspace       used 34498K, capacity 35124K, committed 35496K, reserved 1081344K
  class space    used 3983K, capacity 4249K, committed 4352K, reserved 1048576K

